Running subprocess (['/dlbs/scripts/launchers/nvtfcnn.sh', '--nvcnn_use_nccl', 'true', '--nvcnn_env', 'PYTHONPATH=/dlbs/python/nvcnn_benchmarks:\\$PYTHONPATH CUDA_CACHE_PATH=/dev/shm/dlbs CUDA_VISIBLE_DEVICES=0', '--nvcnn_docker_args', '-i --security-opt seccomp=unconfined --pid=host --volume=/dlbs/python/nvcnn_benchmarks:/workspace/nvcnn_benchmarks --volume=/dev/shm/dlbs:/workspace/cuda_cache   --rm --shm-size=1g --ulimit memlock=-1 --ulimit stack=67108864 --ipc=host nvcr.io/nvidia/tensorflow:18.07-py3', '--exp_docker_args', '--rm --shm-size=1g --ulimit memlock=-1 --ulimit stack=67108864 --ipc=host', '--mxnet_rendezvous', '127.0.0.1:4000', '--tensorflow_host_libpath', '', '--pytorch_args', '--model resnet50 --forward_only false --batch_size 4 --num_batches 100 --num_warmup_batches 1 --device gpu  --data synthetic --data_backend caffe_lmdb --data_shuffle false --num_loader_threads 4 --dtype float32 --cudnn_benchmark true --cudnn_fastest false --data_loader_only false', '--caffe_solver', "net: '/dlbs/models/resnet50/df70b186d20b499bb54fead6fc379f14.model.prototxt'\\n max_iter: 100\\n test_interval: 0\\n snapshot: 0\\n snapshot_after_train: false\\n base_lr: 0.01\\n lr_policy: 'fixed'\\n solver_mode: GPU\\n  layer_wise_reduce: true", '--exp_sys_info', '', '--mxnet_host_python_path', '/root/projects/mxnet/python', '--tensorrt_env', 'CUDA_CACHE_PATH=/dev/shm/dlbs', '--pytorch_num_loader_threads', '4', '--exp_rerun', 'never', '--caffe_data_mean_file_path', '', '--nvidia_caffe_docker_image', 'hpe/nvidia_caffe:cuda9-cudnn7', '--exp_device_title', '', '--caffe_launcher', '/dlbs/scripts/launchers/caffe.sh', '--mxnet_preprocess_threads', '4', '--pytorch_data_backend', 'caffe_lmdb', '--exp_cudnn', '', '--runtime_cuda_cache', '/dev/shm/dlbs', '--nvcnn_docker_image', 'nvcr.io/nvidia/tensorflow:18.04-py3', '--caffe2_host_libpath', '/root/projects/caffe2/build/caffe2', '--pytorch___master_addr', 'localhost', '--tensorrt_host_path', '/dlbs/src/tensorrt/build', '--exp_framework_commit', '', '--exp_num_batches', '100', '--exp_status_msg', '', '--tensorflow_docker_image', 'hpe/tensorflow:cuda9-cudnn7', '--mxnet_cudnn_autotune', 'true', '--caffe2_docker_args', '-i --security-opt seccomp=unconfined --pid=host --volume=/dlbs/python/caffe2_benchmarks:/workspace/caffe2_benchmarks --volume=/dev/shm/dlbs:/workspace/cuda_cache    --rm --shm-size=1g --ulimit memlock=-1 --ulimit stack=67108864 --ipc=host nvcr.io/nvidia/tensorflow:18.07-py3', '--exp_docker', 'false', '--pytorch_cudnn_fastest', 'false', '--tensorflow_env', 'PYTHONPATH=/dlbs/python/tf_cnn_benchmarks:\\$PYTHONPATH CUDA_CACHE_PATH=/dev/shm/dlbs CUDA_VISIBLE_DEVICES=0 TF_DISABLE_CUDNN_TENSOR_OP_MATH=false', '--nvidia_caffe_host_libpath', '', '--bvlc_caffe_host_path', '/root/projects/bvlc_caffe/build/tools', '--nvcnn_log_dir', '', '--tensorrt_output', 'prob', '--pytorch___master_port', '4000', '--pytorch_data_shuffle', 'false', '--tensorrt_resize_method', 'resize', '--tensorflow_use_xla', 'false', '--tensorrt_input', 'data', '--pytorch_docker_args', '-i --security-opt seccomp=unconfined --pid=host --ipc=host --volume=/dlbs/python/pytorch_benchmarks:/workspace/pytorch_benchmarks --volume=/dev/shm/dlbs:/workspace/cuda_cache   --rm --shm-size=1g --ulimit memlock=-1 --ulimit stack=67108864 --ipc=host nvcr.io/nvidia/tensorflow:18.07-py3', '--tensorrt_cache', '/root/.tensorrt_cache', '--tensorflow_resize_method', 'bilinear', '--tensorflow_local_parameter_device', 'cpu', '--runtime_EXPORT_CUDA_VISIBLE_DEVICES', 'CUDA_VISIBLE_DEVICES=0', '--caffe2_data_backend', 'lmdb', '--caffe_mirror', 'true', '--tensorflow_git_hashtag', '', '--mxnet_use_dali', 'false', '--mxnet_host_libpath', '', '--tensorrt_fake_decoder', 'false', '--nvidia_caffe_forward_precision', 'FLOAT', '--pytorch_distributed_rendezvous', 'localhost:4000', '--nvidia_caffe_backward_math_precision', 'FLOAT', '--caffe2_transport', 'tcp', '--mxnet_docker_args', '-i --security-opt seccomp=unconfined --pid=host --volume=/dlbs/python/mxnet_benchmarks:/workspace/mxnet_benchmarks --volume=/dev/shm/dlbs:/workspace/cuda_cache   --rm --shm-size=1g --ulimit memlock=-1 --ulimit stack=67108864 --ipc=host nvcr.io/nvidia/tensorflow:18.07-py3', '--exp_num_nodes', '1', '--exp_docker_launcher', 'nvidia-docker', '--caffe2_docker_image', 'nvcr.io/nvidia/caffe2:18.05-py2', '--nvidia_caffe_backward_precision', 'FLOAT', '--tensorrt_model_dir', '/dlbs/models/resnet50', '--monitor_backend_pid_folder', '/dev/shm/monitor', '--exp_framework', 'nvtfcnn', '--exp_framework_title', 'TensorFlow-nvtfcnn', '--mxnet_env', '', '--runtime_python', '/usr/bin/python', '--nvcnn_host_libpath', '', '--nvtfcnn_mpi_args', '--allow-run-as-root --bind-to socket -np 1', '--tensorflow_num_intra_threads', '0', '--caffe_fork', 'bvlc', '--tensorflow_data_dir', '', '--exp_data_store', '', '--bvlc_caffe_host_libpath', '', '--monitor_launcher', '/dlbs/scripts/resource_monitor.sh', '--caffe_host_path', '/root/projects/bvlc_caffe/build/tools', '--nvidia_caffe_solver_precision', 'FLOAT', '--tensorrt_docker_args', '-i --security-opt seccomp=unconfined --pid=host --volume=/dlbs/models/resnet50:/workspace/model --volume=/dev/shm/dlbs:/workspace/cuda_cache --volume=/root/.tensorrt_cache:/workspace/tensorrt_cache   --rm --shm-size=1g --ulimit memlock=-1 --ulimit stack=67108864 --ipc=host nvcr.io/nvidia/tensorflow:18.07-py3', '--tensorrt_num_prefetchers', '3', '--mxnet_kv_store', 'device', '--nvcnn_args', '--model=resnet50  --batch_size=4 --nstep_burnin=1 --num_batches=101 --nccl --noxla --nodistort_color --num_gpus=1 --display_every=1000 --log_dir= ', '--caffe_docker_image', 'hpe/bvlc_caffe:cuda9-cudnn7', '--monitor_pid_folder', '/dev/shm/monitor', '--caffe_solver_file', 'df70b186d20b499bb54fead6fc379f14.solver.prototxt', '--exp_framework_ver', '', '--nvidia_caffe_forward_math_precision', 'FLOAT', '--exp_phase', 'training', '--runtime_visible_gpus', '0', '--exp_id', 'df70b186d20b499bb54fead6fc379f14', '--pytorch_host_python_path', '/root/projects/pytorch/python', '--tensorrt_model_file', 'df70b186d20b499bb54fead6fc379f14.model.prototxt', '--exp_model_opts', '{}', '--tensorrt_inference_queue_size', '3', '--bvlc_caffe_data_dir', '', '--tensorflow_launcher', '/dlbs/scripts/launchers/tensorflow_hpm.sh', '--exp_node_id', '', '--caffe2_data_dir', '', '--exp_device_type', 'gpu', '--tensorflow_use_mkl', 'false', '--mxnet_docker_image', 'dlbs/mxnet:18.11', '--exp_cuda', '', '--nvcnn_use_xla', 'false', '--tensorrt_num_decoders', '3', '--tensorrt_report_frequency', '-1', '--exp_num_local_gpus', '1', '--mxnet_model_layout', '', '--intel_caffe_docker_image', 'hpe/intel_caffe:cpu', '--tensorflow_other_args', '', '--exp_model', 'resnet50', '--nvtfcnn_docker_image', 'nvcr.io/nvidia/tensorflow:18.07-py3', '--runtime_launcher', '', '--nvcnn_python_path', '/dlbs/python/nvcnn_benchmarks', '--exp_num_gpus', '1', '--caffe2_args', '--model=resnet50  --batch_size=4 --num_batches=100 --num_warmup_batches=1 --num_gpus=1 --device=gpu --data_dir= --data_backend=lmdb --dtype=float32 --enable_tensor_core --num_decode_threads=1 --float16_compute=false --num_workers=1 --rendezvous=file:///tmp/caffe2_rendezvous --run_id=0001 --rank=0 --transport=tcp --interface=', '--exp_effective_batch', '4', '--tensorrt_launcher', '/dlbs/scripts/launchers/tensorrt.sh', '--tensorflow_num_inter_threads', '0', '--nvcnn_data_dir', '', '--exp_status', 'ok', '--exp_node_nic', '', '--caffe_data_dir', '', '--exp_data_dir', '', '--tensorrt_prefetch_queue_size', '3', '--mxnet_nvidia_layers', 'false', '--caffe_data_mean_file_name', '', '--nvcnn_display_every', '1000', '--mxnet_workspace', '1024', '--runtime_EXPORT_CUDA_CACHE_PATH', 'CUDA_CACHE_PATH=/dev/shm/dlbs', '--mxnet_scheduler', 'false', '--tensorflow_report_interval', '100', '--nvidia_caffe_data_dir', '', '--nvtfcnn_args', ' --precision=fp32 --log_dir=/tmp/nvtfcnn --batch_size=4 --num_iter=101 --iter_unit=batch --layers=50', '--exp_use_tensor_core', 'true', '--caffe_layer_wise_reduce', 'true', '--caffe_env', 'CUDA_CACHE_PATH=/dev/shm/dlbs', '--nvcnn_use_distort_color', 'false', '--exp_num_warmup_batches', '1', '--pytorch_distributed_rank', '0', '--nvtfcnn_docker_args', '-i --security-opt seccomp=unconfined --pid=host --ipc=host --volume=/dev/shm/dlbs:/workspace/cuda_cache   --rm --shm-size=1g --ulimit memlock=-1 --ulimit stack=67108864 --ipc=host nvcr.io/nvidia/tensorflow:18.07-py3', '--caffe2_interface', '', '--nvtfcnn_launcher', '/dlbs/scripts/launchers/nvtfcnn.sh', '--exp_num_local_replicas', '1', '--tensorrt_host_libpath', '', '--caffe_args', '--solver=/dlbs/models/resnet50/df70b186d20b499bb54fead6fc379f14.solver.prototxt   --gpu=0', '--mxnet_args', "--model=resnet50 --model_opts='{}' --phase=training --batch_size=4 --num_warmup_batches=1 --num_batches=100 --gpus=0 --kv_store=device  --dtype=float32 --preprocess_threads=4 --prefetch_buffer=10   --nvidia_layers=False --use_dali=False --workspace=1024", '--tensorrt_profile', 'false', '--pytorch_data_dir', '', '--nvidia_caffe_host_path', '/root/projects/nvidia_caffe/build/tools', '--tensorflow_use_nccl', 'true', '--tensorflow_var_update', 'replicated', '--pytorch_host_libpath', '', '--caffe2_bench_path', '/dlbs/python', '--caffe2_launcher', '/dlbs/scripts/launchers/caffe2.sh', '--intel_caffe_host_libpath', '', '--nvtfcnn_python_path', '/dlbs/python/nvtfcnn_benchmarks', '--caffe_model_file', 'df70b186d20b499bb54fead6fc379f14.model.prototxt', '--exp_data', 'synthetic', '--caffe2_float16_compute', 'false', '--caffe2_host_python_path', '/root/projects/caffe2/build', '--nvtfcnn_model_args', '--layers=50', '--pytorch_cudnn_benchmark', 'true', '--tensorrt_data_dir', '', '--mxnet_input_layout', '', '--caffe_model_dir', '/dlbs/models/resnet50', '--pytorch_launcher', '/dlbs/scripts/launchers/pytorch.sh', '--tensorrt_fake_inference', 'false', '--tensorrt_user_model', 'false', '--caffe2_num_decode_threads', '1', '--exp_model_title', '', '--exp_num_replicas', '1', '--nvcnn_launcher', '/dlbs/scripts/launchers/nvcnn.sh', '--nvidia_caffe_precision', 'float32', '--pytorch_docker_image', 'nvcr.io/nvidia/pytorch:18.06-py3', '--mxnet_data_dir', '', '--caffe2_rendezvous', 'file:///tmp/caffe2_rendezvous', '--tensorrt_no_batch_times', 'false', '--exp_log_file', '/workspace/logs/float32_resnet50_4.log', '--tensorflow_distortions', 'false', '--tensorflow_docker_args', '-i --security-opt seccomp=unconfined --pid=host --volume=/dlbs/python/tf_cnn_benchmarks:/workspace/tf_cnn_benchmarks --volume=/dev/shm/dlbs:/workspace/cuda_cache   --rm --shm-size=1g --ulimit memlock=-1 --ulimit stack=67108864 --ipc=host nvcr.io/nvidia/tensorflow:18.07-py3', '--exp_framework_family', 'nvtfcnn', '--exp_dtype', 'float32', '--caffe2_run_id', '0001', '--exp_proj', '', '--nvtfcnn_data_dir', '', '--pytorch_bench_path', '/dlbs/python', '--tensorrt_docker_image', 'dlbs/tensorrt:18.11', '--exp_docker_image', 'nvcr.io/nvidia/tensorflow:18.07-py3', '--intel_caffe_host_path', '/root/projects/intel_caffe/build/tools', '--tensorflow_python_path', '/dlbs/python/tf_cnn_benchmarks', '--tensorflow_data_name', '', '--tensorrt_prefetch_batch_size', '4', '--pytorch_env', '', '--intel_caffe_data_dir', '', '--tensorflow_args', '--per_gpu_thread_count=1 --xla=false --use_fp16=false --use_tf_layers=true --staged_vars=false --model=resnet50 --eval=false --forward_only=false --batch_size=4 --num_batches=100 --num_warmup_batches=1 --num_gpus=1 --display_every=100 --device=gpu --data_format=NCHW --variable_update=replicated --all_reduce_spec=nccl --local_parameter_device=cpu   --distortions=false --num_intra_threads=0 --num_inter_threads=0 --resize_method=bilinear  ', '--exp_gpus', '0', '--tensorrt_data_name', 'synthetic', '--bvlc_caffe_docker_image', 'hpe/bvlc_caffe:cuda9-cudnn7', '--mxnet_launcher', '/dlbs/scripts/launchers/mxnet.sh', '--pytorch_data_loader_only', 'false', '--tensorrt_args', '--model resnet50 --model_file /dlbs/models/resnet50/df70b186d20b499bb54fead6fc379f14.model.prototxt --batch_size 4 --dtype float32 --num_warmup_batches 1 --num_batches 100  --input data --output prob --cache /root/.tensorrt_cache --report_frequency=-1  --gpus 0  --resize_method resize --num_prefetchers 3 --num_decoders 3 --prefetch_queue_size 3 --prefetch_batch_size 4 --inference_queue_size 3   --data_name=synthetic', '--caffe2_rank', '0', '--mxnet_bench_path', '/dlbs/python', '--exp_ignore_past_errors', 'false', '--exp_replica_batch', '4', '--caffe_action', 'train', '--caffe_docker_args', '-i --security-opt seccomp=unconfined --pid=host --volume=/dlbs/models/resnet50:/workspace/model --volume=/dev/shm/dlbs:/workspace/cuda_cache    --rm --shm-size=1g --ulimit memlock=-1 --ulimit stack=67108864 --ipc=host nvcr.io/nvidia/tensorflow:18.07-py3', '--nvtfcnn_env', 'CUDA_CACHE_PATH=/dev/shm/dlbs CUDA_VISIBLE_DEVICES=0', '--monitor_frequency', '0', '--caffe_data_mean_file', '', '--caffe_data_backend', 'LMDB', '--nvtfcnn_model_file', 'resnet', '--mxnet_prefetch_buffer', '10', '--monitor_timeseries', 'time:str:1,mem_virt:float:2,mem_res:float:3,mem_shrd:float:4,cpu:float:5,mem:float:6,power:float:7,gpus:float:8:']) with log file '/workspace/logs/float32_resnet50_4.log'

--------------------------
Variables from python script.
--------------------------
__nvcnn.use_nccl__=true
__nvcnn.env__="PYTHONPATH=/dlbs/python/nvcnn_benchmarks:\\$PYTHONPATH CUDA_CACHE_PATH=/dev/shm/dlbs CUDA_VISIBLE_DEVICES=0"
__nvcnn.docker_args__="-i --security-opt seccomp=unconfined --pid=host --volume=/dlbs/python/nvcnn_benchmarks:/workspace/nvcnn_benchmarks --volume=/dev/shm/dlbs:/workspace/cuda_cache   --rm --shm-size=1g --ulimit memlock=-1 --ulimit stack=67108864 --ipc=host nvcr.io/nvidia/tensorflow:18.07-py3"
__exp.docker_args__="--rm --shm-size=1g --ulimit memlock=-1 --ulimit stack=67108864 --ipc=host"
__mxnet.rendezvous__="127.0.0.1:4000"
__tensorflow.host_libpath__=""
__pytorch.args__="--model resnet50 --forward_only false --batch_size 4 --num_batches 100 --num_warmup_batches 1 --device gpu  --data synthetic --data_backend caffe_lmdb --data_shuffle false --num_loader_threads 4 --dtype float32 --cudnn_benchmark true --cudnn_fastest false --data_loader_only false"
__caffe.solver__="net: '/dlbs/models/resnet50/df70b186d20b499bb54fead6fc379f14.model.prototxt'\\n max_iter: 100\\n test_interval: 0\\n snapshot: 0\\n snapshot_after_train: false\\n base_lr: 0.01\\n lr_policy: 'fixed'\\n solver_mode: GPU\\n  layer_wise_reduce: true"
__exp.sys_info__=""
__mxnet.host_python_path__="/root/projects/mxnet/python"
__tensorrt.env__="CUDA_CACHE_PATH=/dev/shm/dlbs"
__pytorch.num_loader_threads__=4
__exp.rerun__="never"
__caffe.data_mean_file_path__=""
__nvidia_caffe.docker_image__="hpe/nvidia_caffe:cuda9-cudnn7"
__exp.device_title__=""
__caffe.launcher__="/dlbs/scripts/launchers/caffe.sh"
__mxnet.preprocess_threads__=4
__pytorch.data_backend__="caffe_lmdb"
__exp.cudnn__=""
__runtime.cuda_cache__="/dev/shm/dlbs"
__nvcnn.docker_image__="nvcr.io/nvidia/tensorflow:18.04-py3"
__caffe2.host_libpath__="/root/projects/caffe2/build/caffe2"
__pytorch.__master_addr__="localhost"
__tensorrt.host_path__="/dlbs/src/tensorrt/build"
__exp.framework_commit__=""
__exp.num_batches__=100
__exp.status_msg__=""
__tensorflow.docker_image__="hpe/tensorflow:cuda9-cudnn7"
__mxnet.cudnn_autotune__=true
__caffe2.docker_args__="-i --security-opt seccomp=unconfined --pid=host --volume=/dlbs/python/caffe2_benchmarks:/workspace/caffe2_benchmarks --volume=/dev/shm/dlbs:/workspace/cuda_cache    --rm --shm-size=1g --ulimit memlock=-1 --ulimit stack=67108864 --ipc=host nvcr.io/nvidia/tensorflow:18.07-py3"
__exp.docker__=false
__pytorch.cudnn_fastest__=false
__tensorflow.env__="PYTHONPATH=/dlbs/python/tf_cnn_benchmarks:\\$PYTHONPATH CUDA_CACHE_PATH=/dev/shm/dlbs CUDA_VISIBLE_DEVICES=0 TF_DISABLE_CUDNN_TENSOR_OP_MATH=false"
__nvidia_caffe.host_libpath__=""
__bvlc_caffe.host_path__="/root/projects/bvlc_caffe/build/tools"
__nvcnn.log_dir__=""
__tensorrt.output__="prob"
__pytorch.__master_port__=4000
__pytorch.data_shuffle__=false
__tensorrt.resize_method__="resize"
__tensorflow.use_xla__=false
__tensorrt.input__="data"
__pytorch.docker_args__="-i --security-opt seccomp=unconfined --pid=host --ipc=host --volume=/dlbs/python/pytorch_benchmarks:/workspace/pytorch_benchmarks --volume=/dev/shm/dlbs:/workspace/cuda_cache   --rm --shm-size=1g --ulimit memlock=-1 --ulimit stack=67108864 --ipc=host nvcr.io/nvidia/tensorflow:18.07-py3"
__tensorrt.cache__="/root/.tensorrt_cache"
__tensorflow.resize_method__="bilinear"
__tensorflow.local_parameter_device__="cpu"
__runtime.EXPORT_CUDA_VISIBLE_DEVICES__="CUDA_VISIBLE_DEVICES=0"
__caffe2.data_backend__="lmdb"
__caffe.mirror__=true
__tensorflow.git_hashtag__=""
__mxnet.use_dali__=false
__mxnet.host_libpath__=""
__tensorrt.fake_decoder__=false
__nvidia_caffe.forward_precision__="FLOAT"
__pytorch.distributed_rendezvous__="localhost:4000"
__nvidia_caffe.backward_math_precision__="FLOAT"
__caffe2.transport__="tcp"
__mxnet.docker_args__="-i --security-opt seccomp=unconfined --pid=host --volume=/dlbs/python/mxnet_benchmarks:/workspace/mxnet_benchmarks --volume=/dev/shm/dlbs:/workspace/cuda_cache   --rm --shm-size=1g --ulimit memlock=-1 --ulimit stack=67108864 --ipc=host nvcr.io/nvidia/tensorflow:18.07-py3"
__exp.num_nodes__=1
__exp.docker_launcher__="nvidia-docker"
__caffe2.docker_image__="nvcr.io/nvidia/caffe2:18.05-py2"
__nvidia_caffe.backward_precision__="FLOAT"
__tensorrt.model_dir__="/dlbs/models/resnet50"
__monitor.backend_pid_folder__="/dev/shm/monitor"
__exp.framework__="nvtfcnn"
__exp.framework_title__="TensorFlow-nvtfcnn"
__mxnet.env__=""
__runtime.python__="/usr/bin/python"
__nvcnn.host_libpath__=""
__nvtfcnn.mpi_args__="--allow-run-as-root --bind-to socket -np 1"
__tensorflow.num_intra_threads__=0
__caffe.fork__="bvlc"
__tensorflow.data_dir__=""
__exp.data_store__=""
__bvlc_caffe.host_libpath__=""
__monitor.launcher__="/dlbs/scripts/resource_monitor.sh"
__caffe.host_path__="/root/projects/bvlc_caffe/build/tools"
__nvidia_caffe.solver_precision__="FLOAT"
__tensorrt.docker_args__="-i --security-opt seccomp=unconfined --pid=host --volume=/dlbs/models/resnet50:/workspace/model --volume=/dev/shm/dlbs:/workspace/cuda_cache --volume=/root/.tensorrt_cache:/workspace/tensorrt_cache   --rm --shm-size=1g --ulimit memlock=-1 --ulimit stack=67108864 --ipc=host nvcr.io/nvidia/tensorflow:18.07-py3"
__tensorrt.num_prefetchers__=3
__mxnet.kv_store__="device"
__nvcnn.args__="--model=resnet50  --batch_size=4 --nstep_burnin=1 --num_batches=101 --nccl --noxla --nodistort_color --num_gpus=1 --display_every=1000 --log_dir= "
__caffe.docker_image__="hpe/bvlc_caffe:cuda9-cudnn7"
__monitor.pid_folder__="/dev/shm/monitor"
__caffe.solver_file__="df70b186d20b499bb54fead6fc379f14.solver.prototxt"
__exp.framework_ver__=""
__nvidia_caffe.forward_math_precision__="FLOAT"
__exp.phase__="training"
__runtime.visible_gpus__="0"
__exp.id__="df70b186d20b499bb54fead6fc379f14"
__pytorch.host_python_path__="/root/projects/pytorch/python"
__tensorrt.model_file__="df70b186d20b499bb54fead6fc379f14.model.prototxt"
__exp.model_opts__="{}"
__tensorrt.inference_queue_size__=3
__bvlc_caffe.data_dir__=""
__tensorflow.launcher__="/dlbs/scripts/launchers/tensorflow_hpm.sh"
__exp.node_id__=""
__caffe2.data_dir__=""
__exp.device_type__="gpu"
__tensorflow.use_mkl__=false
__mxnet.docker_image__="dlbs/mxnet:18.11"
__exp.cuda__=""
__nvcnn.use_xla__=false
__tensorrt.num_decoders__=3
__tensorrt.report_frequency__=-1
__exp.num_local_gpus__=1
__mxnet.model_layout__=""
__intel_caffe.docker_image__="hpe/intel_caffe:cpu"
__tensorflow.other_args__=""
__exp.model__="resnet50"
__nvtfcnn.docker_image__="nvcr.io/nvidia/tensorflow:18.07-py3"
__runtime.launcher__=""
__nvcnn.python_path__="/dlbs/python/nvcnn_benchmarks"
__exp.num_gpus__=1
__caffe2.args__="--model=resnet50  --batch_size=4 --num_batches=100 --num_warmup_batches=1 --num_gpus=1 --device=gpu --data_dir= --data_backend=lmdb --dtype=float32 --enable_tensor_core --num_decode_threads=1 --float16_compute=false --num_workers=1 --rendezvous=file:///tmp/caffe2_rendezvous --run_id=0001 --rank=0 --transport=tcp --interface="
__exp.effective_batch__=4
__tensorrt.launcher__="/dlbs/scripts/launchers/tensorrt.sh"
__tensorflow.num_inter_threads__=0
__nvcnn.data_dir__=""
__exp.status__="ok"
__exp.node_nic__=""
__caffe.data_dir__=""
__exp.data_dir__=""
__tensorrt.prefetch_queue_size__=3
__mxnet.nvidia_layers__=false
__caffe.data_mean_file_name__=""
__nvcnn.display_every__=1000
__mxnet.workspace__=1024
__runtime.EXPORT_CUDA_CACHE_PATH__="CUDA_CACHE_PATH=/dev/shm/dlbs"
__mxnet.scheduler__=false
__tensorflow.report_interval__=100
__nvidia_caffe.data_dir__=""
__nvtfcnn.args__=" --precision=fp32 --log_dir=/tmp/nvtfcnn --batch_size=4 --num_iter=101 --iter_unit=batch --layers=50"
__exp.use_tensor_core__=true
__caffe.layer_wise_reduce__=true
__caffe.env__="CUDA_CACHE_PATH=/dev/shm/dlbs"
__nvcnn.use_distort_color__=false
__exp.num_warmup_batches__=1
__pytorch.distributed_rank__=0
__nvtfcnn.docker_args__="-i --security-opt seccomp=unconfined --pid=host --ipc=host --volume=/dev/shm/dlbs:/workspace/cuda_cache   --rm --shm-size=1g --ulimit memlock=-1 --ulimit stack=67108864 --ipc=host nvcr.io/nvidia/tensorflow:18.07-py3"
__caffe2.interface__=""
__nvtfcnn.launcher__="/dlbs/scripts/launchers/nvtfcnn.sh"
__exp.num_local_replicas__=1
__tensorrt.host_libpath__=""
__caffe.args__="--solver=/dlbs/models/resnet50/df70b186d20b499bb54fead6fc379f14.solver.prototxt   --gpu=0"
__mxnet.args__="--model=resnet50 --model_opts='{}' --phase=training --batch_size=4 --num_warmup_batches=1 --num_batches=100 --gpus=0 --kv_store=device  --dtype=float32 --preprocess_threads=4 --prefetch_buffer=10   --nvidia_layers=False --use_dali=False --workspace=1024"
__tensorrt.profile__=false
__pytorch.data_dir__=""
__nvidia_caffe.host_path__="/root/projects/nvidia_caffe/build/tools"
__tensorflow.use_nccl__=true
__tensorflow.var_update__="replicated"
__pytorch.host_libpath__=""
__caffe2.bench_path__="/dlbs/python"
__caffe2.launcher__="/dlbs/scripts/launchers/caffe2.sh"
__intel_caffe.host_libpath__=""
__nvtfcnn.python_path__="/dlbs/python/nvtfcnn_benchmarks"
__caffe.model_file__="df70b186d20b499bb54fead6fc379f14.model.prototxt"
__exp.data__="synthetic"
__caffe2.float16_compute__=false
__caffe2.host_python_path__="/root/projects/caffe2/build"
__nvtfcnn.model_args__="--layers=50"
__pytorch.cudnn_benchmark__=true
__tensorrt.data_dir__=""
__mxnet.input_layout__=""
__caffe.model_dir__="/dlbs/models/resnet50"
__pytorch.launcher__="/dlbs/scripts/launchers/pytorch.sh"
__tensorrt.fake_inference__=false
__tensorrt.user_model__="false"
__caffe2.num_decode_threads__=1
__exp.model_title__=""
__exp.num_replicas__=1
__nvcnn.launcher__="/dlbs/scripts/launchers/nvcnn.sh"
__nvidia_caffe.precision__="float32"
__pytorch.docker_image__="nvcr.io/nvidia/pytorch:18.06-py3"
__mxnet.data_dir__=""
__caffe2.rendezvous__="file:///tmp/caffe2_rendezvous"
__tensorrt.no_batch_times__=false
__exp.log_file__="/workspace/logs/float32_resnet50_4.log"
__tensorflow.distortions__=false
__tensorflow.docker_args__="-i --security-opt seccomp=unconfined --pid=host --volume=/dlbs/python/tf_cnn_benchmarks:/workspace/tf_cnn_benchmarks --volume=/dev/shm/dlbs:/workspace/cuda_cache   --rm --shm-size=1g --ulimit memlock=-1 --ulimit stack=67108864 --ipc=host nvcr.io/nvidia/tensorflow:18.07-py3"
__exp.framework_family__="nvtfcnn"
__exp.dtype__="float32"
__caffe2.run_id__="0001"
__exp.proj__=""
__nvtfcnn.data_dir__=""
__pytorch.bench_path__="/dlbs/python"
__tensorrt.docker_image__="dlbs/tensorrt:18.11"
__exp.docker_image__="nvcr.io/nvidia/tensorflow:18.07-py3"
__intel_caffe.host_path__="/root/projects/intel_caffe/build/tools"
__tensorflow.python_path__="/dlbs/python/tf_cnn_benchmarks"
__tensorflow.data_name__=""
__tensorrt.prefetch_batch_size__=4
__pytorch.env__=""
__intel_caffe.data_dir__=""
__tensorflow.args__="--per_gpu_thread_count=1 --xla=false --use_fp16=false --use_tf_layers=true --staged_vars=false --model=resnet50 --eval=false --forward_only=false --batch_size=4 --num_batches=100 --num_warmup_batches=1 --num_gpus=1 --display_every=100 --device=gpu --data_format=NCHW --variable_update=replicated --all_reduce_spec=nccl --local_parameter_device=cpu   --distortions=false --num_intra_threads=0 --num_inter_threads=0 --resize_method=bilinear  "
__exp.gpus__="0"
__tensorrt.data_name__="synthetic"
__bvlc_caffe.docker_image__="hpe/bvlc_caffe:cuda9-cudnn7"
__mxnet.launcher__="/dlbs/scripts/launchers/mxnet.sh"
__pytorch.data_loader_only__=false
__tensorrt.args__="--model resnet50 --model_file /dlbs/models/resnet50/df70b186d20b499bb54fead6fc379f14.model.prototxt --batch_size 4 --dtype float32 --num_warmup_batches 1 --num_batches 100  --input data --output prob --cache /root/.tensorrt_cache --report_frequency=-1  --gpus 0  --resize_method resize --num_prefetchers 3 --num_decoders 3 --prefetch_queue_size 3 --prefetch_batch_size 4 --inference_queue_size 3   --data_name=synthetic"
__caffe2.rank__=0
__mxnet.bench_path__="/dlbs/python"
__exp.ignore_past_errors__=false
__exp.replica_batch__=4
__caffe.action__="train"
__caffe.docker_args__="-i --security-opt seccomp=unconfined --pid=host --volume=/dlbs/models/resnet50:/workspace/model --volume=/dev/shm/dlbs:/workspace/cuda_cache    --rm --shm-size=1g --ulimit memlock=-1 --ulimit stack=67108864 --ipc=host nvcr.io/nvidia/tensorflow:18.07-py3"
__nvtfcnn.env__="CUDA_CACHE_PATH=/dev/shm/dlbs CUDA_VISIBLE_DEVICES=0"
__monitor.frequency__=0
__caffe.data_mean_file__=""
__caffe.data_backend__="LMDB"
__nvtfcnn.model_file__="resnet"
__mxnet.prefetch_buffer__=10
__monitor.timeseries__="time:str:1,mem_virt:float:2,mem_res:float:3,mem_shrd:float:4,cpu:float:5,mem:float:6,power:float:7,gpus:float:8:"

----------------------------
Starting framework launcher.
----------------------------
10-16-19 06:52:03 [INFO]    /dlbs/scripts/launchers/nvtfcnn.sh 
__exp.framework_title__="TensorFlow-nvtfcnn"
__exp.framework_ver__= "1.8.0"
__results.start_time__= "2019-10-16:06:52:04:532"
PY 3.5.2 (default, Nov 23 2017, 16:37:01) 
[GCC 5.4.0 20160609]
TF 1.8.0
Script arguments:
  --display_every 10
  --num_iter 101
  --log_dir /tmp/nvtfcnn
  --iter_unit batch
  --batch_size 4
  --precision fp32
  --layers 50
Training
2019-10-16 06:52:18.904859: I tensorflow/core/common_runtime/gpu/gpu_device.cc:1356] Found device 0 with properties: 
name: GeForce RTX 2080 SUPER major: 7 minor: 5 memoryClockRate(GHz): 1.815
pciBusID: 0000:05:00.0
totalMemory: 7.79GiB freeMemory: 7.67GiB
2019-10-16 06:52:18.904918: I tensorflow/core/common_runtime/gpu/gpu_device.cc:1435] Adding visible gpu devices: 0
2019-10-16 06:52:19.211754: I tensorflow/core/common_runtime/gpu/gpu_device.cc:923] Device interconnect StreamExecutor with strength 1 edge matrix:
2019-10-16 06:52:19.211824: I tensorflow/core/common_runtime/gpu/gpu_device.cc:929]      0 
2019-10-16 06:52:19.211841: I tensorflow/core/common_runtime/gpu/gpu_device.cc:942] 0:   N 
2019-10-16 06:52:19.211962: I tensorflow/core/common_runtime/gpu/gpu_device.cc:1053] Created TensorFlow device (/job:localhost/replica:0/task:0/device:GPU:0 with 7392 MB memory) -> physical GPU (device: 0, name: GeForce RTX 2080 SUPER, pci bus id: 0000:05:00.0, compute capability: 7.5)
  Step Epoch Img/sec   Loss  LR
     1   1.0     0.6  8.179  9.150 2.00000
    10  10.0    10.2  0.885  1.858 1.62000
    20  20.0    81.9  0.000  0.965 1.24469
    30  30.0    82.3  0.000  0.950 0.91877
    40  40.0    81.6  0.000  0.937 0.64222
    50  50.0    80.6  0.000  0.927 0.41506
    60  60.0    80.4  0.000  0.921 0.23728
    70  70.0    79.4  0.000  0.918 0.10889
    80  80.0    80.5  0.000  0.916 0.02988
    90  90.0    80.1  0.000  0.916 0.00025
   100 100.0    80.4  0.000  0.916 0.00000
__results.end_time__= "2019-10-16:06:52:43:626"
__results.proc_pid__= 1127
[WARNING] Number of performance points is too low (8). I will use almost all points to compute average. Better algorithm exists.
__exp.model_title__="ResNet50"
__results.throughput__=80.850000
__results.time__=49.474335
__exp.status__="success"
