Running subprocess (['/dlbs/scripts/launchers/nvtfcnn.sh', '--nvidia_caffe_precision', 'float16', '--exp_node_nic', '', '--exp_data_store', '', '--exp_num_local_replicas', '1', '--pytorch_args', '--model resnet50 --forward_only false --batch_size 4 --num_batches 100 --num_warmup_batches 1 --device gpu  --data synthetic --data_backend caffe_lmdb --data_shuffle false --num_loader_threads 4 --dtype float16 --cudnn_benchmark true --cudnn_fastest false --data_loader_only false', '--exp_framework_family', 'nvtfcnn', '--exp_num_gpus', '1', '--caffe2_interface', '', '--nvcnn_log_dir', '', '--nvcnn_env', 'PYTHONPATH=/dlbs/python/nvcnn_benchmarks:\\$PYTHONPATH CUDA_CACHE_PATH=/dev/shm/dlbs CUDA_VISIBLE_DEVICES=0', '--caffe_launcher', '/dlbs/scripts/launchers/caffe.sh', '--exp_model_opts', '{}', '--caffe2_host_python_path', '/root/projects/caffe2/build', '--caffe_data_dir', '', '--exp_device_title', '', '--exp_framework_title', 'TensorFlow-nvtfcnn', '--exp_docker_image', 'nvcr.io/nvidia/tensorflow:18.07-py3', '--nvidia_caffe_data_dir', '', '--tensorrt_model_file', '943320a834644147a979142a6393e2b2.model.prototxt', '--nvtfcnn_model_args', '--layers=50', '--caffe2_transport', 'tcp', '--tensorrt_data_dir', '', '--pytorch_bench_path', '/dlbs/python', '--monitor_backend_pid_folder', '/dev/shm/monitor', '--exp_replica_batch', '4', '--tensorrt_num_decoders', '3', '--tensorrt_input', 'data', '--intel_caffe_data_dir', '', '--tensorflow_use_mkl', 'false', '--pytorch_num_loader_threads', '4', '--pytorch_distributed_rank', '0', '--mxnet_preprocess_threads', '4', '--tensorflow_resize_method', 'bilinear', '--tensorflow_docker_args', '-i --security-opt seccomp=unconfined --pid=host --volume=/dlbs/python/tf_cnn_benchmarks:/workspace/tf_cnn_benchmarks --volume=/dev/shm/dlbs:/workspace/cuda_cache   --rm --shm-size=1g --ulimit memlock=-1 --ulimit stack=67108864 --ipc=host nvcr.io/nvidia/tensorflow:18.07-py3', '--tensorrt_launcher', '/dlbs/scripts/launchers/tensorrt.sh', '--tensorrt_data_name', 'synthetic', '--nvcnn_use_xla', 'false', '--caffe2_data_backend', 'lmdb', '--tensorflow_other_args', '', '--pytorch_host_libpath', '', '--exp_rerun', 'never', '--nvcnn_python_path', '/dlbs/python/nvcnn_benchmarks', '--exp_cuda', '', '--caffe2_num_decode_threads', '1', '--caffe2_rank', '0', '--exp_docker', 'false', '--tensorflow_report_interval', '100', '--exp_docker_args', '--rm --shm-size=1g --ulimit memlock=-1 --ulimit stack=67108864 --ipc=host', '--pytorch_docker_image', 'nvcr.io/nvidia/pytorch:18.06-py3', '--tensorrt_user_model', 'false', '--monitor_frequency', '0', '--nvcnn_host_libpath', '', '--exp_num_local_gpus', '1', '--runtime_launcher', '', '--exp_effective_batch', '4', '--mxnet_host_libpath', '', '--exp_model', 'resnet50', '--exp_ignore_past_errors', 'false', '--caffe_host_path', '/root/projects/bvlc_caffe/build/tools', '--bvlc_caffe_host_libpath', '', '--tensorflow_distortions', 'false', '--nvtfcnn_docker_args', '-i --security-opt seccomp=unconfined --pid=host --ipc=host --volume=/dev/shm/dlbs:/workspace/cuda_cache   --rm --shm-size=1g --ulimit memlock=-1 --ulimit stack=67108864 --ipc=host nvcr.io/nvidia/tensorflow:18.07-py3', '--exp_gpus', '0', '--nvtfcnn_data_dir', '', '--nvidia_caffe_docker_image', 'hpe/nvidia_caffe:cuda9-cudnn7', '--tensorrt_args', '--model resnet50 --model_file /dlbs/models/resnet50/943320a834644147a979142a6393e2b2.model.prototxt --batch_size 4 --dtype float16 --num_warmup_batches 1 --num_batches 100  --input data --output prob --cache /root/.tensorrt_cache --report_frequency=-1  --gpus 0  --resize_method resize --num_prefetchers 3 --num_decoders 3 --prefetch_queue_size 3 --prefetch_batch_size 4 --inference_queue_size 3   --data_name=synthetic', '--nvidia_caffe_forward_precision', 'FLOAT16', '--mxnet_kv_store', 'device', '--tensorrt_fake_inference', 'false', '--nvcnn_docker_args', '-i --security-opt seccomp=unconfined --pid=host --volume=/dlbs/python/nvcnn_benchmarks:/workspace/nvcnn_benchmarks --volume=/dev/shm/dlbs:/workspace/cuda_cache   --rm --shm-size=1g --ulimit memlock=-1 --ulimit stack=67108864 --ipc=host nvcr.io/nvidia/tensorflow:18.07-py3', '--tensorrt_prefetch_batch_size', '4', '--mxnet_scheduler', 'false', '--nvidia_caffe_solver_precision', 'FLOAT16', '--caffe_env', 'CUDA_CACHE_PATH=/dev/shm/dlbs', '--exp_num_warmup_batches', '1', '--caffe_model_file', '943320a834644147a979142a6393e2b2.model.prototxt', '--caffe2_run_id', '0001', '--exp_model_title', '', '--caffe2_docker_args', '-i --security-opt seccomp=unconfined --pid=host --volume=/dlbs/python/caffe2_benchmarks:/workspace/caffe2_benchmarks --volume=/dev/shm/dlbs:/workspace/cuda_cache    --rm --shm-size=1g --ulimit memlock=-1 --ulimit stack=67108864 --ipc=host nvcr.io/nvidia/tensorflow:18.07-py3', '--exp_num_nodes', '1', '--tensorflow_data_name', '', '--tensorrt_num_prefetchers', '3', '--exp_log_file', '/workspace/logs/float16_resnet50_4.log', '--pytorch_data_shuffle', 'false', '--caffe_solver', "net: '/dlbs/models/resnet50/943320a834644147a979142a6393e2b2.model.prototxt'\\n max_iter: 100\\n test_interval: 0\\n snapshot: 0\\n snapshot_after_train: false\\n base_lr: 0.01\\n lr_policy: 'fixed'\\n solver_mode: GPU\\n  layer_wise_reduce: true", '--runtime_visible_gpus', '0', '--caffe_data_mean_file_path', '', '--caffe_layer_wise_reduce', 'true', '--nvidia_caffe_host_path', '/root/projects/nvidia_caffe/build/tools', '--tensorrt_fake_decoder', 'false', '--tensorflow_python_path', '/dlbs/python/tf_cnn_benchmarks', '--exp_cudnn', '', '--nvcnn_use_nccl', 'true', '--caffe_docker_args', '-i --security-opt seccomp=unconfined --pid=host --volume=/dlbs/models/resnet50:/workspace/model --volume=/dev/shm/dlbs:/workspace/cuda_cache    --rm --shm-size=1g --ulimit memlock=-1 --ulimit stack=67108864 --ipc=host nvcr.io/nvidia/tensorflow:18.07-py3', '--runtime_EXPORT_CUDA_CACHE_PATH', 'CUDA_CACHE_PATH=/dev/shm/dlbs', '--mxnet_launcher', '/dlbs/scripts/launchers/mxnet.sh', '--exp_framework_ver', '', '--tensorflow_var_update', 'replicated', '--tensorflow_env', 'PYTHONPATH=/dlbs/python/tf_cnn_benchmarks:\\$PYTHONPATH CUDA_CACHE_PATH=/dev/shm/dlbs CUDA_VISIBLE_DEVICES=0 TF_DISABLE_CUDNN_TENSOR_OP_MATH=false', '--exp_phase', 'training', '--mxnet_bench_path', '/dlbs/python', '--runtime_python', '/usr/bin/python', '--exp_sys_info', '', '--caffe2_host_libpath', '/root/projects/caffe2/build/caffe2', '--intel_caffe_docker_image', 'hpe/intel_caffe:cpu', '--exp_dtype', 'float16', '--intel_caffe_host_path', '/root/projects/intel_caffe/build/tools', '--mxnet_model_layout', '', '--nvtfcnn_docker_image', 'nvcr.io/nvidia/tensorflow:18.07-py3', '--runtime_EXPORT_CUDA_VISIBLE_DEVICES', 'CUDA_VISIBLE_DEVICES=0', '--caffe_mirror', 'true', '--tensorrt_report_frequency', '-1', '--mxnet_data_dir', '', '--nvtfcnn_launcher', '/dlbs/scripts/launchers/nvtfcnn.sh', '--nvcnn_use_distort_color', 'false', '--tensorflow_data_dir', '', '--intel_caffe_host_libpath', '', '--nvcnn_args', '--model=resnet50  --batch_size=4 --nstep_burnin=1 --num_batches=101 --nccl --noxla --nodistort_color --num_gpus=1 --display_every=1000 --log_dir= --fp16', '--pytorch_host_python_path', '/root/projects/pytorch/python', '--tensorrt_inference_queue_size', '3', '--tensorrt_host_path', '/dlbs/src/tensorrt/build', '--mxnet_docker_image', 'dlbs/mxnet:18.11', '--nvcnn_display_every', '1000', '--exp_num_batches', '100', '--mxnet_rendezvous', '127.0.0.1:4000', '--mxnet_cudnn_autotune', 'true', '--tensorflow_use_xla', 'false', '--caffe_fork', 'bvlc', '--tensorrt_resize_method', 'resize', '--monitor_pid_folder', '/dev/shm/monitor', '--nvcnn_docker_image', 'nvcr.io/nvidia/tensorflow:18.04-py3', '--exp_status_msg', '', '--exp_framework_commit', '', '--exp_num_replicas', '1', '--nvtfcnn_mpi_args', '--allow-run-as-root --bind-to socket -np 1', '--tensorrt_docker_args', '-i --security-opt seccomp=unconfined --pid=host --volume=/dlbs/models/resnet50:/workspace/model --volume=/dev/shm/dlbs:/workspace/cuda_cache --volume=/root/.tensorrt_cache:/workspace/tensorrt_cache   --rm --shm-size=1g --ulimit memlock=-1 --ulimit stack=67108864 --ipc=host nvcr.io/nvidia/tensorflow:18.07-py3', '--caffe_data_mean_file_name', '', '--nvcnn_data_dir', '', '--exp_status', 'ok', '--caffe2_data_dir', '', '--pytorch_env', '', '--tensorflow_host_libpath', '', '--mxnet_use_dali', 'false', '--caffe_solver_file', '943320a834644147a979142a6393e2b2.solver.prototxt', '--exp_docker_launcher', 'nvidia-docker', '--caffe_data_backend', 'LMDB', '--caffe2_rendezvous', 'file:///tmp/caffe2_rendezvous', '--pytorch_cudnn_fastest', 'false', '--exp_data_dir', '', '--tensorflow_launcher', '/dlbs/scripts/launchers/tensorflow_hpm.sh', '--tensorflow_use_nccl', 'true', '--exp_use_tensor_core', 'true', '--exp_node_id', '', '--caffe_model_dir', '/dlbs/models/resnet50', '--pytorch_data_loader_only', 'false', '--nvtfcnn_env', 'CUDA_CACHE_PATH=/dev/shm/dlbs CUDA_VISIBLE_DEVICES=0', '--exp_data', 'synthetic', '--nvtfcnn_model_file', 'resnet', '--pytorch_data_backend', 'caffe_lmdb', '--bvlc_caffe_docker_image', 'hpe/bvlc_caffe:cuda9-cudnn7', '--caffe_action', 'train', '--tensorflow_git_hashtag', '', '--nvcnn_launcher', '/dlbs/scripts/launchers/nvcnn.sh', '--exp_device_type', 'gpu', '--tensorrt_prefetch_queue_size', '3', '--bvlc_caffe_data_dir', '', '--runtime_cuda_cache', '/dev/shm/dlbs', '--nvidia_caffe_backward_precision', 'FLOAT16', '--tensorrt_no_batch_times', 'false', '--mxnet_args', "--model=resnet50 --model_opts='{}' --phase=training --batch_size=4 --num_warmup_batches=1 --num_batches=100 --gpus=0 --kv_store=device  --dtype=float16 --preprocess_threads=4 --prefetch_buffer=10   --nvidia_layers=False --use_dali=False --workspace=1024", '--nvtfcnn_python_path', '/dlbs/python/nvtfcnn_benchmarks', '--pytorch_launcher', '/dlbs/scripts/launchers/pytorch.sh', '--bvlc_caffe_host_path', '/root/projects/bvlc_caffe/build/tools', '--pytorch___master_port', '4000', '--monitor_timeseries', 'time:str:1,mem_virt:float:2,mem_res:float:3,mem_shrd:float:4,cpu:float:5,mem:float:6,power:float:7,gpus:float:8:', '--tensorrt_docker_image', 'dlbs/tensorrt:18.11', '--tensorrt_env', 'CUDA_CACHE_PATH=/dev/shm/dlbs', '--tensorflow_num_inter_threads', '0', '--tensorrt_host_libpath', '', '--pytorch_docker_args', '-i --security-opt seccomp=unconfined --pid=host --ipc=host --volume=/dlbs/python/pytorch_benchmarks:/workspace/pytorch_benchmarks --volume=/dev/shm/dlbs:/workspace/cuda_cache   --rm --shm-size=1g --ulimit memlock=-1 --ulimit stack=67108864 --ipc=host nvcr.io/nvidia/tensorflow:18.07-py3', '--tensorrt_output', 'prob', '--nvidia_caffe_forward_math_precision', 'FLOAT16', '--pytorch___master_addr', 'localhost', '--exp_proj', '', '--pytorch_data_dir', '', '--pytorch_cudnn_benchmark', 'true', '--caffe_args', '--solver=/dlbs/models/resnet50/943320a834644147a979142a6393e2b2.solver.prototxt   --gpu=0', '--mxnet_input_layout', '', '--caffe_docker_image', 'hpe/bvlc_caffe:cuda9-cudnn7', '--tensorflow_args', '--per_gpu_thread_count=1 --xla=false --use_fp16=true --use_tf_layers=true --staged_vars=false --model=resnet50 --eval=false --forward_only=false --batch_size=4 --num_batches=100 --num_warmup_batches=1 --num_gpus=1 --display_every=100 --device=gpu --data_format=NCHW --variable_update=replicated --all_reduce_spec=nccl --local_parameter_device=cpu   --distortions=false --num_intra_threads=0 --num_inter_threads=0 --resize_method=bilinear  ', '--caffe2_launcher', '/dlbs/scripts/launchers/caffe2.sh', '--pytorch_distributed_rendezvous', 'localhost:4000', '--mxnet_prefetch_buffer', '10', '--tensorflow_local_parameter_device', 'cpu', '--tensorrt_profile', 'false', '--nvidia_caffe_host_libpath', '', '--tensorflow_docker_image', 'hpe/tensorflow:cuda9-cudnn7', '--caffe2_args', '--model=resnet50  --batch_size=4 --num_batches=100 --num_warmup_batches=1 --num_gpus=1 --device=gpu --data_dir= --data_backend=lmdb --dtype=float16 --enable_tensor_core --num_decode_threads=1 --float16_compute=true --num_workers=1 --rendezvous=file:///tmp/caffe2_rendezvous --run_id=0001 --rank=0 --transport=tcp --interface=', '--caffe2_float16_compute', 'true', '--nvtfcnn_args', ' --precision=fp16 --log_dir=/tmp/nvtfcnn --batch_size=4 --num_iter=101 --iter_unit=batch --layers=50', '--tensorrt_cache', '/root/.tensorrt_cache', '--tensorflow_num_intra_threads', '0', '--monitor_launcher', '/dlbs/scripts/resource_monitor.sh', '--caffe2_docker_image', 'nvcr.io/nvidia/caffe2:18.05-py2', '--caffe2_bench_path', '/dlbs/python', '--exp_id', '943320a834644147a979142a6393e2b2', '--nvidia_caffe_backward_math_precision', 'FLOAT16', '--mxnet_host_python_path', '/root/projects/mxnet/python', '--mxnet_nvidia_layers', 'false', '--caffe_data_mean_file', '', '--mxnet_env', '', '--mxnet_docker_args', '-i --security-opt seccomp=unconfined --pid=host --volume=/dlbs/python/mxnet_benchmarks:/workspace/mxnet_benchmarks --volume=/dev/shm/dlbs:/workspace/cuda_cache   --rm --shm-size=1g --ulimit memlock=-1 --ulimit stack=67108864 --ipc=host nvcr.io/nvidia/tensorflow:18.07-py3', '--exp_framework', 'nvtfcnn', '--tensorrt_model_dir', '/dlbs/models/resnet50', '--mxnet_workspace', '1024']) with log file '/workspace/logs/float16_resnet50_4.log'

--------------------------
Variables from python script.
--------------------------
__nvidia_caffe.precision__="float16"
__exp.node_nic__=""
__exp.data_store__=""
__exp.num_local_replicas__=1
__pytorch.args__="--model resnet50 --forward_only false --batch_size 4 --num_batches 100 --num_warmup_batches 1 --device gpu  --data synthetic --data_backend caffe_lmdb --data_shuffle false --num_loader_threads 4 --dtype float16 --cudnn_benchmark true --cudnn_fastest false --data_loader_only false"
__exp.framework_family__="nvtfcnn"
__exp.num_gpus__=1
__caffe2.interface__=""
__nvcnn.log_dir__=""
__nvcnn.env__="PYTHONPATH=/dlbs/python/nvcnn_benchmarks:\\$PYTHONPATH CUDA_CACHE_PATH=/dev/shm/dlbs CUDA_VISIBLE_DEVICES=0"
__caffe.launcher__="/dlbs/scripts/launchers/caffe.sh"
__exp.model_opts__="{}"
__caffe2.host_python_path__="/root/projects/caffe2/build"
__caffe.data_dir__=""
__exp.device_title__=""
__exp.framework_title__="TensorFlow-nvtfcnn"
__exp.docker_image__="nvcr.io/nvidia/tensorflow:18.07-py3"
__nvidia_caffe.data_dir__=""
__tensorrt.model_file__="943320a834644147a979142a6393e2b2.model.prototxt"
__nvtfcnn.model_args__="--layers=50"
__caffe2.transport__="tcp"
__tensorrt.data_dir__=""
__pytorch.bench_path__="/dlbs/python"
__monitor.backend_pid_folder__="/dev/shm/monitor"
__exp.replica_batch__=4
__tensorrt.num_decoders__=3
__tensorrt.input__="data"
__intel_caffe.data_dir__=""
__tensorflow.use_mkl__=false
__pytorch.num_loader_threads__=4
__pytorch.distributed_rank__=0
__mxnet.preprocess_threads__=4
__tensorflow.resize_method__="bilinear"
__tensorflow.docker_args__="-i --security-opt seccomp=unconfined --pid=host --volume=/dlbs/python/tf_cnn_benchmarks:/workspace/tf_cnn_benchmarks --volume=/dev/shm/dlbs:/workspace/cuda_cache   --rm --shm-size=1g --ulimit memlock=-1 --ulimit stack=67108864 --ipc=host nvcr.io/nvidia/tensorflow:18.07-py3"
__tensorrt.launcher__="/dlbs/scripts/launchers/tensorrt.sh"
__tensorrt.data_name__="synthetic"
__nvcnn.use_xla__=false
__caffe2.data_backend__="lmdb"
__tensorflow.other_args__=""
__pytorch.host_libpath__=""
__exp.rerun__="never"
__nvcnn.python_path__="/dlbs/python/nvcnn_benchmarks"
__exp.cuda__=""
__caffe2.num_decode_threads__=1
__caffe2.rank__=0
__exp.docker__=false
__tensorflow.report_interval__=100
__exp.docker_args__="--rm --shm-size=1g --ulimit memlock=-1 --ulimit stack=67108864 --ipc=host"
__pytorch.docker_image__="nvcr.io/nvidia/pytorch:18.06-py3"
__tensorrt.user_model__="false"
__monitor.frequency__=0
__nvcnn.host_libpath__=""
__exp.num_local_gpus__=1
__runtime.launcher__=""
__exp.effective_batch__=4
__mxnet.host_libpath__=""
__exp.model__="resnet50"
__exp.ignore_past_errors__=false
__caffe.host_path__="/root/projects/bvlc_caffe/build/tools"
__bvlc_caffe.host_libpath__=""
__tensorflow.distortions__=false
__nvtfcnn.docker_args__="-i --security-opt seccomp=unconfined --pid=host --ipc=host --volume=/dev/shm/dlbs:/workspace/cuda_cache   --rm --shm-size=1g --ulimit memlock=-1 --ulimit stack=67108864 --ipc=host nvcr.io/nvidia/tensorflow:18.07-py3"
__exp.gpus__="0"
__nvtfcnn.data_dir__=""
__nvidia_caffe.docker_image__="hpe/nvidia_caffe:cuda9-cudnn7"
__tensorrt.args__="--model resnet50 --model_file /dlbs/models/resnet50/943320a834644147a979142a6393e2b2.model.prototxt --batch_size 4 --dtype float16 --num_warmup_batches 1 --num_batches 100  --input data --output prob --cache /root/.tensorrt_cache --report_frequency=-1  --gpus 0  --resize_method resize --num_prefetchers 3 --num_decoders 3 --prefetch_queue_size 3 --prefetch_batch_size 4 --inference_queue_size 3   --data_name=synthetic"
__nvidia_caffe.forward_precision__="FLOAT16"
__mxnet.kv_store__="device"
__tensorrt.fake_inference__=false
__nvcnn.docker_args__="-i --security-opt seccomp=unconfined --pid=host --volume=/dlbs/python/nvcnn_benchmarks:/workspace/nvcnn_benchmarks --volume=/dev/shm/dlbs:/workspace/cuda_cache   --rm --shm-size=1g --ulimit memlock=-1 --ulimit stack=67108864 --ipc=host nvcr.io/nvidia/tensorflow:18.07-py3"
__tensorrt.prefetch_batch_size__=4
__mxnet.scheduler__=false
__nvidia_caffe.solver_precision__="FLOAT16"
__caffe.env__="CUDA_CACHE_PATH=/dev/shm/dlbs"
__exp.num_warmup_batches__=1
__caffe.model_file__="943320a834644147a979142a6393e2b2.model.prototxt"
__caffe2.run_id__="0001"
__exp.model_title__=""
__caffe2.docker_args__="-i --security-opt seccomp=unconfined --pid=host --volume=/dlbs/python/caffe2_benchmarks:/workspace/caffe2_benchmarks --volume=/dev/shm/dlbs:/workspace/cuda_cache    --rm --shm-size=1g --ulimit memlock=-1 --ulimit stack=67108864 --ipc=host nvcr.io/nvidia/tensorflow:18.07-py3"
__exp.num_nodes__=1
__tensorflow.data_name__=""
__tensorrt.num_prefetchers__=3
__exp.log_file__="/workspace/logs/float16_resnet50_4.log"
__pytorch.data_shuffle__=false
__caffe.solver__="net: '/dlbs/models/resnet50/943320a834644147a979142a6393e2b2.model.prototxt'\\n max_iter: 100\\n test_interval: 0\\n snapshot: 0\\n snapshot_after_train: false\\n base_lr: 0.01\\n lr_policy: 'fixed'\\n solver_mode: GPU\\n  layer_wise_reduce: true"
__runtime.visible_gpus__="0"
__caffe.data_mean_file_path__=""
__caffe.layer_wise_reduce__=true
__nvidia_caffe.host_path__="/root/projects/nvidia_caffe/build/tools"
__tensorrt.fake_decoder__=false
__tensorflow.python_path__="/dlbs/python/tf_cnn_benchmarks"
__exp.cudnn__=""
__nvcnn.use_nccl__=true
__caffe.docker_args__="-i --security-opt seccomp=unconfined --pid=host --volume=/dlbs/models/resnet50:/workspace/model --volume=/dev/shm/dlbs:/workspace/cuda_cache    --rm --shm-size=1g --ulimit memlock=-1 --ulimit stack=67108864 --ipc=host nvcr.io/nvidia/tensorflow:18.07-py3"
__runtime.EXPORT_CUDA_CACHE_PATH__="CUDA_CACHE_PATH=/dev/shm/dlbs"
__mxnet.launcher__="/dlbs/scripts/launchers/mxnet.sh"
__exp.framework_ver__=""
__tensorflow.var_update__="replicated"
__tensorflow.env__="PYTHONPATH=/dlbs/python/tf_cnn_benchmarks:\\$PYTHONPATH CUDA_CACHE_PATH=/dev/shm/dlbs CUDA_VISIBLE_DEVICES=0 TF_DISABLE_CUDNN_TENSOR_OP_MATH=false"
__exp.phase__="training"
__mxnet.bench_path__="/dlbs/python"
__runtime.python__="/usr/bin/python"
__exp.sys_info__=""
__caffe2.host_libpath__="/root/projects/caffe2/build/caffe2"
__intel_caffe.docker_image__="hpe/intel_caffe:cpu"
__exp.dtype__="float16"
__intel_caffe.host_path__="/root/projects/intel_caffe/build/tools"
__mxnet.model_layout__=""
__nvtfcnn.docker_image__="nvcr.io/nvidia/tensorflow:18.07-py3"
__runtime.EXPORT_CUDA_VISIBLE_DEVICES__="CUDA_VISIBLE_DEVICES=0"
__caffe.mirror__=true
__tensorrt.report_frequency__=-1
__mxnet.data_dir__=""
__nvtfcnn.launcher__="/dlbs/scripts/launchers/nvtfcnn.sh"
__nvcnn.use_distort_color__=false
__tensorflow.data_dir__=""
__intel_caffe.host_libpath__=""
__nvcnn.args__="--model=resnet50  --batch_size=4 --nstep_burnin=1 --num_batches=101 --nccl --noxla --nodistort_color --num_gpus=1 --display_every=1000 --log_dir= --fp16"
__pytorch.host_python_path__="/root/projects/pytorch/python"
__tensorrt.inference_queue_size__=3
__tensorrt.host_path__="/dlbs/src/tensorrt/build"
__mxnet.docker_image__="dlbs/mxnet:18.11"
__nvcnn.display_every__=1000
__exp.num_batches__=100
__mxnet.rendezvous__="127.0.0.1:4000"
__mxnet.cudnn_autotune__=true
__tensorflow.use_xla__=false
__caffe.fork__="bvlc"
__tensorrt.resize_method__="resize"
__monitor.pid_folder__="/dev/shm/monitor"
__nvcnn.docker_image__="nvcr.io/nvidia/tensorflow:18.04-py3"
__exp.status_msg__=""
__exp.framework_commit__=""
__exp.num_replicas__=1
__nvtfcnn.mpi_args__="--allow-run-as-root --bind-to socket -np 1"
__tensorrt.docker_args__="-i --security-opt seccomp=unconfined --pid=host --volume=/dlbs/models/resnet50:/workspace/model --volume=/dev/shm/dlbs:/workspace/cuda_cache --volume=/root/.tensorrt_cache:/workspace/tensorrt_cache   --rm --shm-size=1g --ulimit memlock=-1 --ulimit stack=67108864 --ipc=host nvcr.io/nvidia/tensorflow:18.07-py3"
__caffe.data_mean_file_name__=""
__nvcnn.data_dir__=""
__exp.status__="ok"
__caffe2.data_dir__=""
__pytorch.env__=""
__tensorflow.host_libpath__=""
__mxnet.use_dali__=false
__caffe.solver_file__="943320a834644147a979142a6393e2b2.solver.prototxt"
__exp.docker_launcher__="nvidia-docker"
__caffe.data_backend__="LMDB"
__caffe2.rendezvous__="file:///tmp/caffe2_rendezvous"
__pytorch.cudnn_fastest__=false
__exp.data_dir__=""
__tensorflow.launcher__="/dlbs/scripts/launchers/tensorflow_hpm.sh"
__tensorflow.use_nccl__=true
__exp.use_tensor_core__=true
__exp.node_id__=""
__caffe.model_dir__="/dlbs/models/resnet50"
__pytorch.data_loader_only__=false
__nvtfcnn.env__="CUDA_CACHE_PATH=/dev/shm/dlbs CUDA_VISIBLE_DEVICES=0"
__exp.data__="synthetic"
__nvtfcnn.model_file__="resnet"
__pytorch.data_backend__="caffe_lmdb"
__bvlc_caffe.docker_image__="hpe/bvlc_caffe:cuda9-cudnn7"
__caffe.action__="train"
__tensorflow.git_hashtag__=""
__nvcnn.launcher__="/dlbs/scripts/launchers/nvcnn.sh"
__exp.device_type__="gpu"
__tensorrt.prefetch_queue_size__=3
__bvlc_caffe.data_dir__=""
__runtime.cuda_cache__="/dev/shm/dlbs"
__nvidia_caffe.backward_precision__="FLOAT16"
__tensorrt.no_batch_times__=false
__mxnet.args__="--model=resnet50 --model_opts='{}' --phase=training --batch_size=4 --num_warmup_batches=1 --num_batches=100 --gpus=0 --kv_store=device  --dtype=float16 --preprocess_threads=4 --prefetch_buffer=10   --nvidia_layers=False --use_dali=False --workspace=1024"
__nvtfcnn.python_path__="/dlbs/python/nvtfcnn_benchmarks"
__pytorch.launcher__="/dlbs/scripts/launchers/pytorch.sh"
__bvlc_caffe.host_path__="/root/projects/bvlc_caffe/build/tools"
__pytorch.__master_port__=4000
__monitor.timeseries__="time:str:1,mem_virt:float:2,mem_res:float:3,mem_shrd:float:4,cpu:float:5,mem:float:6,power:float:7,gpus:float:8:"
__tensorrt.docker_image__="dlbs/tensorrt:18.11"
__tensorrt.env__="CUDA_CACHE_PATH=/dev/shm/dlbs"
__tensorflow.num_inter_threads__=0
__tensorrt.host_libpath__=""
__pytorch.docker_args__="-i --security-opt seccomp=unconfined --pid=host --ipc=host --volume=/dlbs/python/pytorch_benchmarks:/workspace/pytorch_benchmarks --volume=/dev/shm/dlbs:/workspace/cuda_cache   --rm --shm-size=1g --ulimit memlock=-1 --ulimit stack=67108864 --ipc=host nvcr.io/nvidia/tensorflow:18.07-py3"
__tensorrt.output__="prob"
__nvidia_caffe.forward_math_precision__="FLOAT16"
__pytorch.__master_addr__="localhost"
__exp.proj__=""
__pytorch.data_dir__=""
__pytorch.cudnn_benchmark__=true
__caffe.args__="--solver=/dlbs/models/resnet50/943320a834644147a979142a6393e2b2.solver.prototxt   --gpu=0"
__mxnet.input_layout__=""
__caffe.docker_image__="hpe/bvlc_caffe:cuda9-cudnn7"
__tensorflow.args__="--per_gpu_thread_count=1 --xla=false --use_fp16=true --use_tf_layers=true --staged_vars=false --model=resnet50 --eval=false --forward_only=false --batch_size=4 --num_batches=100 --num_warmup_batches=1 --num_gpus=1 --display_every=100 --device=gpu --data_format=NCHW --variable_update=replicated --all_reduce_spec=nccl --local_parameter_device=cpu   --distortions=false --num_intra_threads=0 --num_inter_threads=0 --resize_method=bilinear  "
__caffe2.launcher__="/dlbs/scripts/launchers/caffe2.sh"
__pytorch.distributed_rendezvous__="localhost:4000"
__mxnet.prefetch_buffer__=10
__tensorflow.local_parameter_device__="cpu"
__tensorrt.profile__=false
__nvidia_caffe.host_libpath__=""
__tensorflow.docker_image__="hpe/tensorflow:cuda9-cudnn7"
__caffe2.args__="--model=resnet50  --batch_size=4 --num_batches=100 --num_warmup_batches=1 --num_gpus=1 --device=gpu --data_dir= --data_backend=lmdb --dtype=float16 --enable_tensor_core --num_decode_threads=1 --float16_compute=true --num_workers=1 --rendezvous=file:///tmp/caffe2_rendezvous --run_id=0001 --rank=0 --transport=tcp --interface="
__caffe2.float16_compute__=true
__nvtfcnn.args__=" --precision=fp16 --log_dir=/tmp/nvtfcnn --batch_size=4 --num_iter=101 --iter_unit=batch --layers=50"
__tensorrt.cache__="/root/.tensorrt_cache"
__tensorflow.num_intra_threads__=0
__monitor.launcher__="/dlbs/scripts/resource_monitor.sh"
__caffe2.docker_image__="nvcr.io/nvidia/caffe2:18.05-py2"
__caffe2.bench_path__="/dlbs/python"
__exp.id__="943320a834644147a979142a6393e2b2"
__nvidia_caffe.backward_math_precision__="FLOAT16"
__mxnet.host_python_path__="/root/projects/mxnet/python"
__mxnet.nvidia_layers__=false
__caffe.data_mean_file__=""
__mxnet.env__=""
__mxnet.docker_args__="-i --security-opt seccomp=unconfined --pid=host --volume=/dlbs/python/mxnet_benchmarks:/workspace/mxnet_benchmarks --volume=/dev/shm/dlbs:/workspace/cuda_cache   --rm --shm-size=1g --ulimit memlock=-1 --ulimit stack=67108864 --ipc=host nvcr.io/nvidia/tensorflow:18.07-py3"
__exp.framework__="nvtfcnn"
__tensorrt.model_dir__="/dlbs/models/resnet50"
__mxnet.workspace__=1024

----------------------------
Starting framework launcher.
----------------------------
10-16-19 06:44:51 [INFO]    /dlbs/scripts/launchers/nvtfcnn.sh 
__exp.framework_title__="TensorFlow-nvtfcnn"
__exp.framework_ver__= "1.8.0"
__results.start_time__= "2019-10-16:06:44:52:367"
PY 3.5.2 (default, Nov 23 2017, 16:37:01) 
[GCC 5.4.0 20160609]
TF 1.8.0
Script arguments:
  --num_iter 101
  --layers 50
  --precision fp16
  --iter_unit batch
  --batch_size 4
  --display_every 10
  --log_dir /tmp/nvtfcnn
Training
2019-10-16 06:45:06.391596: I tensorflow/core/common_runtime/gpu/gpu_device.cc:1356] Found device 0 with properties: 
name: GeForce RTX 2080 SUPER major: 7 minor: 5 memoryClockRate(GHz): 1.815
pciBusID: 0000:05:00.0
totalMemory: 7.79GiB freeMemory: 7.67GiB
2019-10-16 06:45:06.391653: I tensorflow/core/common_runtime/gpu/gpu_device.cc:1435] Adding visible gpu devices: 0
2019-10-16 06:45:06.704112: I tensorflow/core/common_runtime/gpu/gpu_device.cc:923] Device interconnect StreamExecutor with strength 1 edge matrix:
2019-10-16 06:45:06.704182: I tensorflow/core/common_runtime/gpu/gpu_device.cc:929]      0 
2019-10-16 06:45:06.704197: I tensorflow/core/common_runtime/gpu/gpu_device.cc:942] 0:   N 
2019-10-16 06:45:06.704308: I tensorflow/core/common_runtime/gpu/gpu_device.cc:1053] Created TensorFlow device (/job:localhost/replica:0/task:0/device:GPU:0 with 7392 MB memory) -> physical GPU (device: 0, name: GeForce RTX 2080 SUPER, pci bus id: 0000:05:00.0, compute capability: 7.5)
  Step Epoch Img/sec   Loss  LR
     1   1.0     0.7  6.826  7.797 2.00000
    10  10.0    10.8  0.000  0.973 1.62000
    20  20.0    85.4  0.000  0.964 1.24469
    30  30.0    84.8  0.000  0.948 0.91877
    40  40.0    85.0  0.000  0.935 0.64222
    50  50.0    84.7  0.000  0.925 0.41506
    60  60.0    85.2  0.000  0.919 0.23728
    70  70.0    85.2  0.000  0.916 0.10889
    80  80.0    85.2  0.000  0.915 0.02988
    90  90.0    84.3  0.000  0.914 0.00025
   100 100.0    84.5  0.000  0.914 0.00000
__results.end_time__= "2019-10-16:06:45:30:227"
__results.proc_pid__= 1127
[WARNING] Number of performance points is too low (8). I will use almost all points to compute average. Better algorithm exists.
__exp.model_title__="ResNet50"
__results.throughput__=84.975000
__results.time__=47.072668
__exp.status__="success"
